<?xml version="1.0" encoding="UTF-8"?>
<!-- Generated by org.testng.reporters.JUnitReportReporter -->
<testsuite hostname="LAPTOP-FR304L32" failures="0" tests="3" name="test.FaceBookLoginTest" time="7.690" errors="0" timestamp="2023-12-19T21:44:58 IST" skipped="0">
  <testcase classname="test.FaceBookLoginTest" name="LoginWithValidUserNameAndPassward" time="2.410"/>
  <testcase classname="test.FaceBookLoginTest" name="LoginWithInvalidUserNameAndValidPassward" time="2.367"/>
  <testcase classname="test.FaceBookLoginTest" name="LoginWithValidUserNameAndInvalidPassward" time="2.913"/>
</testsuite> <!-- test.FaceBookLoginTest -->
